<?xml version="1.0" encoding="UTF-8"?>
<!-- Generated by org.testng.reporters.JUnitReportReporter -->
<testsuite skipped="0" hostname="Murats-MBP" name="com.neotech.lesson02.SoftAssertDemo" tests="1" failures="0" timestamp="2021-10-17T17:17:50 EDT" time="12.847" errors="0">
  <testcase name="logoAndWelcomeValidation" time="12.847" classname="com.neotech.lesson02.SoftAssertDemo"/>
  <system-out/>
</testsuite> <!-- com.neotech.lesson02.SoftAssertDemo -->
