<?xml version="1.0" encoding="UTF-8"?>
<!-- Generated by org.testng.reporters.JUnitReportReporter -->
<testsuite skipped="0" hostname="Murats-MBP" name="com.neotech.lesson01.TestNGDemo" tests="3" failures="0" timestamp="2021-10-17T16:37:33 EDT" time="0.013" errors="0">
  <testcase name="testThree" time="0.003" classname="com.neotech.lesson01.TestNGDemo"/>
  <system-out/>
  <testcase name="testTwo" time="0.001" classname="com.neotech.lesson01.TestNGDemo"/>
  <system-out/>
  <testcase name="testOne" time="0.009" classname="com.neotech.lesson01.TestNGDemo"/>
  <system-out/>
</testsuite> <!-- com.neotech.lesson01.TestNGDemo -->
