<?xml version="1.0" encoding="UTF-8"?>
<!-- Generated by org.testng.reporters.JUnitReportReporter -->
<testsuite skipped="0" hostname="Murats-MBP.attlocal.net" name="com.neotech.lesson02.PriorityDemo" tests="4" failures="0" timestamp="2021-10-03T11:42:44 PDT" time="0.012" errors="0">
  <testcase name="firstTest" time="0.004" classname="com.neotech.lesson02.PriorityDemo"/>
  <system-out/>
  <testcase name="secondTest" time="0.002" classname="com.neotech.lesson02.PriorityDemo"/>
  <system-out/>
  <testcase name="thirdTest" time="0.001" classname="com.neotech.lesson02.PriorityDemo"/>
  <system-out/>
  <testcase name="fourthTest" time="0.005" classname="com.neotech.lesson02.PriorityDemo"/>
  <system-out/>
</testsuite> <!-- com.neotech.lesson02.PriorityDemo -->
