<?xml version="1.0" encoding="UTF-8"?>
<!-- Generated by org.testng.reporters.JUnitReportReporter -->
<testsuite skipped="0" hostname="Murats-MBP" name="com.neotech.lesson03.DataProviderDemo" tests="3" failures="0" timestamp="2021-10-05T20:53:41 EDT" time="22.091" errors="0">
  <testcase name="LoginFunctionality" time="8.064" classname="com.neotech.lesson03.DataProviderDemo"/>
  <system-out/>
  <testcase name="LoginFunctionality" time="7.205" classname="com.neotech.lesson03.DataProviderDemo"/>
  <system-out/>
  <testcase name="LoginFunctionality" time="6.822" classname="com.neotech.lesson03.DataProviderDemo"/>
  <system-out/>
</testsuite> <!-- com.neotech.lesson03.DataProviderDemo -->
