<?xml version="1.0" encoding="UTF-8"?>
<!-- Generated by org.testng.reporters.JUnitReportReporter -->
<testsuite skipped="0" hostname="Murats-MBP" name="com.neotech.lesson01.MoreTestNGAnnotations" tests="2" failures="0" timestamp="2021-10-17T16:45:56 EDT" time="0.011" errors="0">
  <testcase name="test2" time="0.003" classname="com.neotech.lesson01.MoreTestNGAnnotations"/>
  <system-out/>
  <testcase name="test1" time="0.008" classname="com.neotech.lesson01.MoreTestNGAnnotations"/>
  <system-out/>
</testsuite> <!-- com.neotech.lesson01.MoreTestNGAnnotations -->
