<?xml version="1.0" encoding="UTF-8"?>
<!-- Generated by org.testng.reporters.JUnitReportReporter -->
<testsuite skipped="0" hostname="Murats-MBP" name="com.neotech.lesson01.TestNGAnnotations" tests="3" failures="0" timestamp="2021-10-17T16:37:55 EDT" time="0.012" errors="0">
  <testcase name="test1" time="0.006" classname="com.neotech.lesson01.TestNGAnnotations"/>
  <system-out/>
  <testcase name="test3" time="0.002" classname="com.neotech.lesson01.TestNGAnnotations"/>
  <system-out/>
  <testcase name="test2" time="0.004" classname="com.neotech.lesson01.TestNGAnnotations"/>
  <system-out/>
</testsuite> <!-- com.neotech.lesson01.TestNGAnnotations -->
