<?xml version="1.0" encoding="UTF-8"?>
<!-- Generated by org.testng.reporters.JUnitReportReporter -->
<testsuite skipped="0" hostname="Murats-MacBook-Pro.local" name="com.neotech.test.LoginTest" tests="1" failures="0" timestamp="2021-10-09T14:43:18 EDT" time="13.007" errors="0">
  <testcase name="validLogin" time="13.007" classname="com.neotech.test.LoginTest"/>
  <system-out/>
</testsuite> <!-- com.neotech.test.LoginTest -->
